date: 2015-10-18 16:35:56.535
argv: d:\Program Files\nodejs\node.exe c:\Users\Administrator\AppData\Roaming\npm\node_modules\hexo\bin\hexo d
os: Windows_NT 6.1.7601 win32 ia32
version:
  hexo: 2.5.6
  http_parser: 1.0
  node: 0.10.26
  v8: 3.14.5.9
  ares: 1.9.0-DEV
  uv: 0.10.25
  zlib: 1.2.3
  modules: 11
  openssl: 1.0.1e
---

[debug] 16:35:55.572 Config file loaded
[debug] 16:35:55.577 Version info checked successfully
[debug] 16:35:55.663 Loading database.
[info] 16:35:55.773 Start deploying: github
[info] 16:35:55.782 Clearing .deploy folder...
[info] 16:35:55.885 Copying files from public folder...
[error] 16:35:55.911 Error: EPERM, mkdir 'e:\MyBlog\xyapp.github.io\Hexo\.deploy\2014'
Error: EPERM, mkdir 'e:\MyBlog\xyapp.github.io\Hexo\.deploy\2014'
